<?xml version="1.0" encoding="UTF-8"?>
<!-- Generated by org.testng.reporters.JUnitReportReporter -->
<testsuite hostname="LAPTOP-T9MLA83G" failures="0" tests="4" name="test.LoginFunctionalityTest" time="110.424" errors="0" timestamp="2022-11-05T02:12:16 IST" skipped="0">
  <testcase classname="test.LoginFunctionalityTest" name="login" time="25.989"/>
  <system-out/>
  <testcase classname="test.LoginFunctionalityTest" name="loginU" time="32.602"/>
  <system-out/>
  <testcase classname="test.LoginFunctionalityTest" name="loginP" time="32.532"/>
  <system-out/>
  <testcase classname="test.LoginFunctionalityTest" name="loginUP" time="19.301"/>
  <system-out/>
</testsuite> <!-- test.LoginFunctionalityTest -->
