<?xml version="1.0" encoding="UTF-8"?>
<!-- Generated by org.testng.reporters.JUnitReportReporter -->
<testsuite hostname="LAPTOP-T9MLA83G" failures="0" tests="1" name="testBackend.P" time="0.146" errors="0" timestamp="2022-11-18T11:14:17 IST" skipped="0">
  <testcase classname="testBackend.P" name="login" time="0.146"/>
  <system-out/>
</testsuite> <!-- testBackend.P -->
