<?xml version="1.0" encoding="UTF-8"?>
<!-- Generated by org.testng.reporters.JUnitReportReporter -->
<testsuite hostname="LAPTOP-T9MLA83G" failures="0" tests="1" name="testBackend.TechPandaTest_Day12" time="99.345" errors="0" timestamp="2022-11-29T13:05:45 IST" skipped="0">
  <testcase classname="testBackend.TechPandaTest_Day12" name="placeOrder" time="99.345"/>
  <system-out/>
</testsuite> <!-- testBackend.TechPandaTest_Day12 -->
