<?xml version="1.0" encoding="UTF-8"?>
<!-- Generated by org.testng.reporters.JUnitReportReporter -->
<testsuite hostname="LAPTOP-T9MLA83G" failures="0" tests="1" name="testBackend.ExcelAll" time="1.007" errors="0" timestamp="2022-11-20T09:33:40 IST" skipped="0">
  <testcase classname="testBackend.ExcelAll" name="login" time="1.007"/>
  <system-out/>
</testsuite> <!-- testBackend.ExcelAll -->
