<?xml version="1.0" encoding="UTF-8"?>
<!-- Generated by org.testng.reporters.JUnitReportReporter -->
<testsuite hostname="LAPTOP-T9MLA83G" failures="0" tests="1" name="test.TechPandaTest_Day6" time="71.825" errors="0" timestamp="2022-11-13T00:50:09 IST" skipped="0">
  <testcase classname="test.TechPandaTest_Day6" name="placeOrder" time="71.825"/>
  <system-out/>
</testsuite> <!-- test.TechPandaTest_Day6 -->
