<?xml version="1.0" encoding="UTF-8"?>
<!-- Generated by org.testng.reporters.JUnitReportReporter -->
<testsuite hostname="LAPTOP-T9MLA83G" failures="0" tests="4" name="test.Day4_ID_Test" time="50.919" errors="0" timestamp="2022-11-05T21:29:03 IST" skipped="0">
  <testcase classname="test.Day4_ID_Test" name="login" time="15.021"/>
  <system-out/>
  <testcase classname="test.Day4_ID_Test" name="loginU" time="12.604"/>
  <system-out/>
  <testcase classname="test.Day4_ID_Test" name="loginP" time="8.929"/>
  <system-out/>
  <testcase classname="test.Day4_ID_Test" name="loginUP" time="14.365"/>
  <system-out/>
</testsuite> <!-- test.Day4_ID_Test -->
