<?xml version="1.0" encoding="UTF-8"?>
<!-- Generated by org.testng.reporters.JUnitReportReporter -->
<testsuite hostname="LAPTOP-T9MLA83G" failures="0" tests="1" name="testBackend.TechPandaTest_Day10" time="23.328" errors="0" timestamp="2022-11-30T18:05:06 IST" skipped="0">
  <testcase classname="testBackend.TechPandaTest_Day10" name="placeOrder" time="23.328"/>
  <system-out/>
</testsuite> <!-- testBackend.TechPandaTest_Day10 -->
