<?xml version="1.0" encoding="UTF-8"?>
<!-- Generated by org.testng.reporters.JUnitReportReporter -->
<testsuite hostname="LAPTOP-T9MLA83G" failures="0" tests="4" name="test.Day6_Screenshot_Test" time="76.696" errors="0" timestamp="2022-11-06T18:31:42 IST" skipped="0">
  <testcase classname="test.Day6_Screenshot_Test" name="login" time="20.761"/>
  <system-out/>
  <testcase classname="test.Day6_Screenshot_Test" name="loginU" time="21.898"/>
  <system-out/>
  <testcase classname="test.Day6_Screenshot_Test" name="loginP" time="19.368"/>
  <system-out/>
  <testcase classname="test.Day6_Screenshot_Test" name="loginUP" time="14.669"/>
  <system-out/>
</testsuite> <!-- test.Day6_Screenshot_Test -->
