<?xml version="1.0" encoding="UTF-8"?>
<!-- Generated by org.testng.reporters.JUnitReportReporter -->
<testsuite hostname="LAPTOP-T9MLA83G" failures="0" tests="1" name="test.P" time="50.044" errors="0" timestamp="2022-12-25T10:40:05 IST" skipped="0">
  <testcase classname="test.P" name="login" time="50.044"/>
  <system-out/>
</testsuite> <!-- test.P -->
