<?xml version="1.0" encoding="UTF-8"?>
<!-- Generated by org.testng.reporters.JUnitReportReporter -->
<testsuite hostname="LAPTOP-T9MLA83G" failures="0" tests="4" name="test.Day3_LoginFunctionalityTest" time="74.840" errors="0" timestamp="2022-11-05T21:20:30 IST" skipped="0">
  <testcase classname="test.Day3_LoginFunctionalityTest" name="login" time="16.299"/>
  <system-out/>
  <testcase classname="test.Day3_LoginFunctionalityTest" name="loginU" time="9.932"/>
  <system-out/>
  <testcase classname="test.Day3_LoginFunctionalityTest" name="loginP" time="17.569"/>
  <system-out/>
  <testcase classname="test.Day3_LoginFunctionalityTest" name="loginUP" time="31.040"/>
  <system-out/>
</testsuite> <!-- test.Day3_LoginFunctionalityTest -->
