<?xml version="1.0" encoding="UTF-8"?>
<!-- Generated by org.testng.reporters.JUnitReportReporter -->
<testsuite hostname="LAPTOP-T9MLA83G" failures="0" tests="1" name="test.TechPandaTest_Day5" time="33.613" errors="0" timestamp="2022-11-11T16:49:30 IST" skipped="0">
  <testcase classname="test.TechPandaTest_Day5" name="login" time="33.613"/>
  <system-out/>
</testsuite> <!-- test.TechPandaTest_Day5 -->
