<?xml version="1.0" encoding="UTF-8"?>
<!-- Generated by org.testng.reporters.JUnitReportReporter -->
<testsuite hostname="LAPTOP-T9MLA83G" failures="0" tests="1" name="test.TechPandaTest_Day9" time="28.502" errors="0" timestamp="2022-11-15T00:51:56 IST" skipped="0">
  <testcase classname="test.TechPandaTest_Day9" name="placeOrder" time="28.502"/>
  <system-out/>
</testsuite> <!-- test.TechPandaTest_Day9 -->
