<?xml version="1.0" encoding="UTF-8"?>
<!-- Generated by org.testng.reporters.JUnitReportReporter -->
<testsuite hostname="LAPTOP-T9MLA83G" failures="0" tests="1" name="test.TechPandaTest_Day1" time="31.991" errors="0" timestamp="2022-11-08T22:26:23 IST" skipped="0">
  <testcase classname="test.TechPandaTest_Day1" name="login" time="31.991"/>
  <system-out/>
</testsuite> <!-- test.TechPandaTest_Day1 -->
