<?xml version="1.0" encoding="UTF-8"?>
<!-- Generated by org.testng.reporters.JUnitReportReporter -->
<testsuite hostname="LAPTOP-T9MLA83G" failures="0" tests="1" name="testBackend.CreateExcel" time="0.883" errors="0" timestamp="2022-11-19T14:57:28 IST" skipped="0">
  <testcase classname="testBackend.CreateExcel" name="login" time="0.883"/>
  <system-out/>
</testsuite> <!-- testBackend.CreateExcel -->
