<?xml version="1.0" encoding="UTF-8"?>
<!-- Generated by org.testng.reporters.JUnitReportReporter -->
<testsuite hostname="LAPTOP-T9MLA83G" failures="0" tests="1" name="test.TechPandaTest_Day3" time="18.741" errors="0" timestamp="2022-11-09T13:43:33 IST" skipped="0">
  <testcase classname="test.TechPandaTest_Day3" name="login" time="18.741"/>
  <system-out/>
</testsuite> <!-- test.TechPandaTest_Day3 -->
