<?xml version="1.0" encoding="UTF-8"?>
<!-- Generated by org.testng.reporters.JUnitReportReporter -->
<testsuite hostname="LAPTOP-T9MLA83G" failures="0" tests="1" name="test.TechPandaTest_Day10" time="6.810" errors="0" timestamp="2022-11-17T01:06:37 IST" skipped="0">
  <testcase classname="test.TechPandaTest_Day10" name="placeOrder" time="6.810"/>
  <system-out/>
</testsuite> <!-- test.TechPandaTest_Day10 -->
