<?xml version="1.0" encoding="UTF-8"?>
<!-- Generated by org.testng.reporters.JUnitReportReporter -->
<testsuite hostname="LAPTOP-T9MLA83G" failures="0" tests="1" name="test.LoginLogoutTest" time="14.536" errors="0" timestamp="2022-11-06T23:17:24 IST" skipped="0">
  <testcase classname="test.LoginLogoutTest" name="login" time="14.536"/>
  <system-out/>
</testsuite> <!-- test.LoginLogoutTest -->
