<?xml version="1.0" encoding="UTF-8"?>
<!-- Generated by org.testng.reporters.JUnitReportReporter -->
<testsuite hostname="LAPTOP-T9MLA83G" failures="0" tests="1" name="test.TechPandaTest" time="19.443" errors="0" timestamp="2022-11-07T01:08:48 IST" skipped="0">
  <testcase classname="test.TechPandaTest" name="login" time="19.443"/>
  <system-out/>
</testsuite> <!-- test.TechPandaTest -->
