<?xml version="1.0" encoding="UTF-8"?>
<!-- Generated by org.testng.reporters.JUnitReportReporter -->
<testsuite hostname="LAPTOP-T9MLA83G" failures="0" tests="1" name="test.Day4_ID" time="19.177" errors="0" timestamp="2022-11-05T21:19:13 IST" skipped="0">
  <testcase classname="test.Day4_ID" name="login" time="19.177"/>
  <system-out/>
</testsuite> <!-- test.Day4_ID -->
